Base path: F:/Unity/Editor/Data
Cmd: initializeCompiler
Cmd: compileSnippet
  api=9 type=0 insize=5089 outsize=8141 kw= pd=UNITY_NO_DXT5nm UNITY_NO_RGBM UNITY_ENABLE_REFLECTION_BUFFERS UNITY_FRAMEBUFFER_FETCH_AVAILABLE UNITY_NO_CUBEMAP_ARRAY UNITY_NO_SCREENSPACE_SHADOWS UNITY_PBS_USE_BRDF3 UNITY_NO_FULL_STANDARD_SHADER SHADER_API_MOBILE UNITY_HARDWARE_TIER1 UNITY_COLORSPACE_GAMMA UNITY_LIGHTMAP_DLDR_ENCODING ok=1
Cmd: compileSnippet
  api=9 type=0 insize=5089 outsize=25919 kw=POINT pd=UNITY_NO_DXT5nm UNITY_NO_RGBM UNITY_ENABLE_REFLECTION_BUFFERS UNITY_FRAMEBUFFER_FETCH_AVAILABLE UNITY_NO_CUBEMAP_ARRAY UNITY_NO_SCREENSPACE_SHADOWS UNITY_PBS_USE_BRDF3 UNITY_NO_FULL_STANDARD_SHADER SHADER_API_MOBILE UNITY_HARDWARE_TIER1 UNITY_COLORSPACE_GAMMA UNITY_LIGHTMAP_DLDR_ENCODING ok=1
Cmd: compileSnippet
  api=9 type=0 insize=5089 outsize=28923 kw=SPOT pd=UNITY_NO_DXT5nm UNITY_NO_RGBM UNITY_ENABLE_REFLECTION_BUFFERS UNITY_FRAMEBUFFER_FETCH_AVAILABLE UNITY_NO_CUBEMAP_ARRAY UNITY_NO_SCREENSPACE_SHADOWS UNITY_PBS_USE_BRDF2 SHADER_API_MOBILE UNITY_HARDWARE_TIER2 UNITY_COLORSPACE_GAMMA UNITY_LIGHTMAP_DLDR_ENCODING ok=1
Cmd: compileSnippet
  api=5 type=1 insize=5089 outsize=0 kw= pd=UNITY_NO_DXT5nm UNITY_NO_RGBM UNITY_ENABLE_REFLECTION_BUFFERS UNITY_FRAMEBUFFER_FETCH_AVAILABLE UNITY_NO_CUBEMAP_ARRAY UNITY_NO_SCREENSPACE_SHADOWS UNITY_PBS_USE_BRDF2 SHADER_API_MOBILE UNITY_HARDWARE_TIER2 UNITY_COLORSPACE_GAMMA UNITY_HALF_PRECISION_FRAGMENT_SHADER_REGISTERS UNITY_LIGHTMAP_DLDR_ENCODING ok=1
Cmd: compileSnippet
  api=9 type=1 insize=5089 outsize=0 kw= pd=UNITY_NO_DXT5nm UNITY_NO_RGBM UNITY_ENABLE_REFLECTION_BUFFERS UNITY_FRAMEBUFFER_FETCH_AVAILABLE UNITY_NO_CUBEMAP_ARRAY UNITY_NO_SCREENSPACE_SHADOWS UNITY_PBS_USE_BRDF2 SHADER_API_MOBILE UNITY_HARDWARE_TIER2 UNITY_COLORSPACE_GAMMA UNITY_LIGHTMAP_DLDR_ENCODING ok=1
Cmd: compileSnippet
  api=5 type=1 insize=5089 outsize=0 kw=POINT pd=UNITY_NO_DXT5nm UNITY_NO_RGBM UNITY_ENABLE_REFLECTION_BUFFERS UNITY_FRAMEBUFFER_FETCH_AVAILABLE UNITY_NO_CUBEMAP_ARRAY UNITY_NO_SCREENSPACE_SHADOWS UNITY_PBS_USE_BRDF2 SHADER_API_MOBILE UNITY_HARDWARE_TIER2 UNITY_COLORSPACE_GAMMA UNITY_HALF_PRECISION_FRAGMENT_SHADER_REGISTERS UNITY_LIGHTMAP_DLDR_ENCODING ok=1
Cmd: compileSnippet
  api=9 type=1 insize=5089 outsize=0 kw=POINT pd=UNITY_NO_DXT5nm UNITY_NO_RGBM UNITY_ENABLE_REFLECTION_BUFFERS UNITY_FRAMEBUFFER_FETCH_AVAILABLE UNITY_NO_CUBEMAP_ARRAY UNITY_NO_SCREENSPACE_SHADOWS UNITY_PBS_USE_BRDF3 UNITY_NO_FULL_STANDARD_SHADER SHADER_API_MOBILE UNITY_HARDWARE_TIER1 UNITY_COLORSPACE_GAMMA UNITY_LIGHTMAP_DLDR_ENCODING ok=1
Cmd: compileSnippet
  api=9 type=1 insize=5089 outsize=0 kw=POINT pd=UNITY_NO_DXT5nm UNITY_NO_RGBM UNITY_ENABLE_REFLECTION_BUFFERS UNITY_FRAMEBUFFER_FETCH_AVAILABLE UNITY_NO_CUBEMAP_ARRAY UNITY_NO_SCREENSPACE_SHADOWS UNITY_PBS_USE_BRDF2 SHADER_API_MOBILE UNITY_HARDWARE_TIER3 UNITY_COLORSPACE_GAMMA UNITY_LIGHTMAP_DLDR_ENCODING ok=1
Cmd: compileSnippet
  api=5 type=1 insize=5089 outsize=0 kw=SPOT pd=UNITY_NO_DXT5nm UNITY_NO_RGBM UNITY_ENABLE_REFLECTION_BUFFERS UNITY_FRAMEBUFFER_FETCH_AVAILABLE UNITY_NO_CUBEMAP_ARRAY UNITY_NO_SCREENSPACE_SHADOWS UNITY_PBS_USE_BRDF2 SHADER_API_MOBILE UNITY_HARDWARE_TIER3 UNITY_COLORSPACE_GAMMA UNITY_HALF_PRECISION_FRAGMENT_SHADER_REGISTERS UNITY_LIGHTMAP_DLDR_ENCODING ok=1
Cmd: initializeCompiler
Cmd: initializeCompiler
Cmd: initializeCompiler
Cmd: initializeCompiler
Cmd: compileSnippet
  api=5 type=0 insize=18703 outsize=5408 kw=UNITY_PASS_FORWARDBASE DIRECTIONAL LIGHTPROBE_SH pd=UNITY_NO_DXT5nm UNITY_NO_RGBM UNITY_ENABLE_REFLECTION_BUFFERS UNITY_FRAMEBUFFER_FETCH_AVAILABLE UNITY_NO_CUBEMAP_ARRAY UNITY_NO_SCREENSPACE_SHADOWS UNITY_PBS_USE_BRDF3 UNITY_NO_FULL_STANDARD_SHADER SHADER_API_MOBILE UNITY_HARDWARE_TIER1 UNITY_COLORSPACE_GAMMA UNITY_HALF_PRECISION_FRAGMENT_SHADER_REGISTERS UNITY_LIGHTMAP_DLDR_ENCODING ok=1
Cmd: compileSnippet
  api=5 type=0 insize=18703 outsize=5408 kw=UNITY_PASS_FORWARDBASE DIRECTIONAL LIGHTPROBE_SH pd=UNITY_NO_DXT5nm UNITY_NO_RGBM UNITY_ENABLE_REFLECTION_BUFFERS UNITY_FRAMEBUFFER_FETCH_AVAILABLE UNITY_NO_CUBEMAP_ARRAY UNITY_NO_SCREENSPACE_SHADOWS UNITY_PBS_USE_BRDF2 SHADER_API_MOBILE UNITY_HARDWARE_TIER2 UNITY_COLORSPACE_GAMMA UNITY_HALF_PRECISION_FRAGMENT_SHADER_REGISTERS UNITY_LIGHTMAP_DLDR_ENCODING ok=1
Cmd: compileSnippet
  api=5 type=0 insize=18703 outsize=7251 kw=UNITY_PASS_FORWARDBASE DIRECTIONAL LIGHTPROBE_SH VERTEXLIGHT_ON pd=UNITY_NO_DXT5nm UNITY_NO_RGBM UNITY_ENABLE_REFLECTION_BUFFERS UNITY_FRAMEBUFFER_FETCH_AVAILABLE UNITY_NO_CUBEMAP_ARRAY UNITY_NO_SCREENSPACE_SHADOWS UNITY_PBS_USE_BRDF3 UNITY_NO_FULL_STANDARD_SHADER SHADER_API_MOBILE UNITY_HARDWARE_TIER1 UNITY_COLORSPACE_GAMMA UNITY_HALF_PRECISION_FRAGMENT_SHADER_REGISTERS UNITY_LIGHTMAP_DLDR_ENCODING ok=1
Cmd: compileSnippet
  api=9 type=0 insize=18703 outsize=6927 kw=UNITY_PASS_FORWARDBASE DIRECTIONAL LIGHTPROBE_SH VERTEXLIGHT_ON pd=UNITY_NO_DXT5nm UNITY_NO_RGBM UNITY_ENABLE_REFLECTION_BUFFERS UNITY_FRAMEBUFFER_FETCH_AVAILABLE UNITY_NO_CUBEMAP_ARRAY UNITY_NO_SCREENSPACE_SHADOWS UNITY_PBS_USE_BRDF3 UNITY_NO_FULL_STANDARD_SHADER SHADER_API_MOBILE UNITY_HARDWARE_TIER1 UNITY_COLORSPACE_GAMMA UNITY_LIGHTMAP_DLDR_ENCODING ok=1
Cmd: compileSnippet
  api=5 type=1 insize=18703 outsize=0 kw=UNITY_PASS_FORWARDBASE DIRECTIONAL pd=UNITY_NO_DXT5nm UNITY_NO_RGBM UNITY_ENABLE_REFLECTION_BUFFERS UNITY_FRAMEBUFFER_FETCH_AVAILABLE UNITY_NO_CUBEMAP_ARRAY UNITY_NO_SCREENSPACE_SHADOWS UNITY_PBS_USE_BRDF2 SHADER_API_MOBILE UNITY_HARDWARE_TIER3 UNITY_COLORSPACE_GAMMA UNITY_HALF_PRECISION_FRAGMENT_SHADER_REGISTERS UNITY_LIGHTMAP_DLDR_ENCODING ok=1
Cmd: compileSnippet
  api=9 type=1 insize=18703 outsize=0 kw=UNITY_PASS_FORWARDBASE DIRECTIONAL pd=UNITY_NO_DXT5nm UNITY_NO_RGBM UNITY_ENABLE_REFLECTION_BUFFERS UNITY_FRAMEBUFFER_FETCH_AVAILABLE UNITY_NO_CUBEMAP_ARRAY UNITY_NO_SCREENSPACE_SHADOWS UNITY_PBS_USE_BRDF2 SHADER_API_MOBILE UNITY_HARDWARE_TIER3 UNITY_COLORSPACE_GAMMA UNITY_LIGHTMAP_DLDR_ENCODING ok=1
Cmd: compileSnippet
  api=9 type=1 insize=18703 outsize=0 kw=UNITY_PASS_FORWARDBASE DIRECTIONAL LIGHTPROBE_SH pd=UNITY_NO_DXT5nm UNITY_NO_RGBM UNITY_ENABLE_REFLECTION_BUFFERS UNITY_FRAMEBUFFER_FETCH_AVAILABLE UNITY_NO_CUBEMAP_ARRAY UNITY_NO_SCREENSPACE_SHADOWS UNITY_PBS_USE_BRDF2 SHADER_API_MOBILE UNITY_HARDWARE_TIER2 UNITY_COLORSPACE_GAMMA UNITY_LIGHTMAP_DLDR_ENCODING ok=1
Cmd: initializeCompiler
Cmd: disassembleShader
  api=5 insize=7233 outsize=7233 ok=1
Cmd: disassembleShader
  api=9 insize=7620 outsize=7620 ok=1
Cmd: disassembleShader
  api=5 insize=8839 outsize=8839 ok=1
Cmd: disassembleShader
  api=9 insize=9331 outsize=9331 ok=1
Cmd: disassembleShader
  api=5 insize=8780 outsize=8780 ok=1
Cmd: disassembleShader
  api=9 insize=9229 outsize=9229 ok=1
Cmd: disassembleShader
  api=5 insize=8648 outsize=8648 ok=1
Cmd: disassembleShader
  api=9 insize=9153 outsize=9153 ok=1
Cmd: disassembleShader
  api=5 insize=9054 outsize=9054 ok=1
Cmd: disassembleShader
  api=9 insize=9749 outsize=9749 ok=1
Cmd: disassembleShader
  api=5 insize=8991 outsize=8991 ok=1
Cmd: disassembleShader
  api=9 insize=9587 outsize=9587 ok=1
Cmd: disassembleShader
  api=5 insize=8863 outsize=8863 ok=1
Cmd: disassembleShader
  api=9 insize=9549 outsize=9549 ok=1
Cmd: disassembleShader
  api=5 insize=10470 outsize=10470 ok=1
Cmd: disassembleShader
  api=9 insize=11239 outsize=11239 ok=1
Cmd: disassembleShader
  api=5 insize=10411 outsize=10411 ok=1
Cmd: disassembleShader
  api=9 insize=11129 outsize=11129 ok=1
Cmd: disassembleShader
  api=5 insize=10279 outsize=10279 ok=1
Cmd: disassembleShader
  api=9 insize=11061 outsize=11061 ok=1
Cmd: disassembleShader
  api=5 insize=7424 outsize=7424 ok=1
Cmd: disassembleShader
  api=9 insize=7820 outsize=7820 ok=1
Cmd: disassembleShader
  api=5 insize=7361 outsize=7361 ok=1
Cmd: disassembleShader
  api=9 insize=7727 outsize=7727 ok=1
Cmd: disassembleShader
  api=5 insize=5859 outsize=5859 ok=1
Cmd: disassembleShader
  api=5 insize=7233 outsize=7233 ok=1
Cmd: disassembleShader
  api=9 insize=7620 outsize=7620 ok=1
Cmd: disassembleShader
  api=5 insize=10770 outsize=10770 ok=1
Cmd: disassembleShader
  api=9 insize=10893 outsize=10893 ok=1
Cmd: disassembleShader
  api=9 insize=9462 outsize=9462 ok=1
Cmd: disassembleShader
  api=5 insize=9057 outsize=9057 ok=1
Cmd: disassembleShader
  api=5 insize=10579 outsize=10579 ok=1
Cmd: disassembleShader
  api=5 insize=6829 outsize=6829 ok=1
Cmd: disassembleShader
  api=5 insize=9054 outsize=9054 ok=1
Cmd: disassembleShader
  api=9 insize=9749 outsize=9749 ok=1
Cmd: disassembleShader
  api=9 insize=7613 outsize=7613 ok=1
Cmd: disassembleShader
  api=9 insize=9587 outsize=9587 ok=1
Cmd: disassembleShader
  api=9 insize=7489 outsize=7489 ok=1
Cmd: disassembleShader
  api=5 insize=10028 outsize=10028 ok=1
Cmd: disassembleShader
  api=9 insize=10502 outsize=10502 ok=1
Cmd: disassembleShader
  api=5 insize=9973 outsize=9973 ok=1
Cmd: disassembleShader
  api=5 insize=12342 outsize=12342 ok=1
Cmd: disassembleShader
  api=5 insize=9787 outsize=9787 ok=1
Cmd: disassembleShader
  api=5 insize=12210 outsize=12210 ok=1
Cmd: disassembleShader
  api=5 insize=6099 outsize=6099 ok=1
Cmd: disassembleShader
  api=5 insize=7424 outsize=7424 ok=1
Cmd: disassembleShader
  api=9 insize=7820 outsize=7820 ok=1
Cmd: disassembleShader
  api=5 insize=7361 outsize=7361 ok=1
Cmd: disassembleShader
  api=9 insize=7727 outsize=7727 ok=1
Cmd: disassembleShader
  api=9 insize=8559 outsize=8559 ok=1
Cmd: disassembleShader
  api=9 insize=11570 outsize=11570 ok=1
Cmd: disassembleShader
  api=9 insize=11451 outsize=11451 ok=1
Cmd: disassembleShader
  api=9 insize=11392 outsize=11392 ok=1
Cmd: disassembleShader
  api=9 insize=10688 outsize=10688 ok=1
Cmd: disassembleShader
  api=9 insize=10526 outsize=10526 ok=1
Cmd: disassembleShader
  api=9 insize=8366 outsize=8366 ok=1
Cmd: disassembleShader
  api=9 insize=10488 outsize=10488 ok=1
Cmd: disassembleShader
  api=9 insize=13433 outsize=13433 ok=1
Cmd: disassembleShader
  api=9 insize=13301 outsize=13301 ok=1
Cmd: disassembleShader
  api=9 insize=13233 outsize=13233 ok=1
Cmd: disassembleShader
  api=9 insize=8759 outsize=8759 ok=1
Cmd: disassembleShader
  api=9 insize=8666 outsize=8666 ok=1
Cmd: disassembleShader
  api=9 insize=8559 outsize=8559 ok=1
Cmd: disassembleShader
  api=9 insize=13132 outsize=13132 ok=1
Cmd: disassembleShader
  api=9 insize=13013 outsize=13013 ok=1
Cmd: disassembleShader
  api=9 insize=12954 outsize=12954 ok=1
Cmd: disassembleShader
  api=9 insize=10688 outsize=10688 ok=1
Cmd: disassembleShader
  api=9 insize=10526 outsize=10526 ok=1
Cmd: disassembleShader
  api=9 insize=10488 outsize=10488 ok=1
Cmd: disassembleShader
  api=9 insize=10488 outsize=10488 ok=1
Cmd: disassembleShader
  api=9 insize=14995 outsize=14995 ok=1
Cmd: disassembleShader
  api=9 insize=14863 outsize=14863 ok=1
Cmd: disassembleShader
  api=9 insize=14795 outsize=14795 ok=1
Cmd: disassembleShader
  api=9 insize=7603 outsize=7603 ok=1
Cmd: disassembleShader
  api=9 insize=7484 outsize=7484 ok=1
Cmd: disassembleShader
  api=9 insize=8666 outsize=8666 ok=1
Cmd: disassembleShader
  api=5 insize=0 outsize=57 ok=1
Cmd: disassembleShader
  api=9 insize=0 outsize=57 ok=1
Cmd: disassembleShader
  api=5 insize=0 outsize=57 ok=1
Cmd: disassembleShader
  api=9 insize=0 outsize=57 ok=1
Cmd: disassembleShader
  api=5 insize=0 outsize=57 ok=1
Cmd: disassembleShader
  api=9 insize=0 outsize=57 ok=1
Cmd: disassembleShader
  api=5 insize=0 outsize=57 ok=1
Cmd: disassembleShader
  api=9 insize=0 outsize=57 ok=1
Cmd: disassembleShader
  api=5 insize=0 outsize=57 ok=1
Cmd: disassembleShader
  api=9 insize=0 outsize=57 ok=1
Cmd: disassembleShader
  api=5 insize=0 outsize=57 ok=1
Cmd: disassembleShader
  api=9 insize=0 outsize=57 ok=1
Cmd: disassembleShader
  api=5 insize=0 outsize=57 ok=1
Cmd: disassembleShader
  api=9 insize=0 outsize=57 ok=1
Cmd: disassembleShader
  api=5 insize=0 outsize=57 ok=1
Cmd: disassembleShader
  api=9 insize=0 outsize=57 ok=1
Cmd: disassembleShader
  api=5 insize=0 outsize=57 ok=1
Cmd: disassembleShader
  api=9 insize=0 outsize=57 ok=1
Cmd: disassembleShader
  api=5 insize=0 outsize=57 ok=1
Cmd: disassembleShader
  api=9 insize=0 outsize=57 ok=1
Cmd: disassembleShader
  api=5 insize=0 outsize=57 ok=1
Cmd: disassembleShader
  api=9 insize=0 outsize=57 ok=1
Cmd: disassembleShader
  api=5 insize=0 outsize=57 ok=1
Cmd: disassembleShader
  api=9 insize=0 outsize=57 ok=1
Cmd: disassembleShader
  api=9 insize=0 outsize=57 ok=1
Cmd: disassembleShader
  api=9 insize=0 outsize=57 ok=1
Cmd: disassembleShader
  api=9 insize=0 outsize=57 ok=1
Cmd: disassembleShader
  api=9 insize=0 outsize=57 ok=1
Cmd: disassembleShader
  api=9 insize=0 outsize=57 ok=1
Cmd: disassembleShader
  api=9 insize=0 outsize=57 ok=1
Cmd: disassembleShader
  api=9 insize=0 outsize=57 ok=1
Cmd: disassembleShader
  api=9 insize=0 outsize=57 ok=1
Cmd: disassembleShader
  api=9 insize=0 outsize=57 ok=1
Cmd: disassembleShader
  api=9 insize=0 outsize=57 ok=1
Cmd: disassembleShader
  api=9 insize=0 outsize=57 ok=1
Cmd: disassembleShader
  api=9 insize=0 outsize=57 ok=1
Cmd: disassembleShader
  api=5 insize=6100 outsize=6100 ok=1
Cmd: disassembleShader
  api=9 insize=6301 outsize=6301 ok=1
Cmd: disassembleShader
  api=5 insize=5359 outsize=5359 ok=1
Cmd: disassembleShader
  api=9 insize=5702 outsize=5702 ok=1
Cmd: disassembleShader
  api=5 insize=5175 outsize=5175 ok=1
Cmd: disassembleShader
  api=9 insize=5562 outsize=5562 ok=1
Cmd: disassembleShader
  api=5 insize=6444 outsize=6444 ok=1
Cmd: disassembleShader
  api=9 insize=6867 outsize=6867 ok=1
Cmd: disassembleShader
  api=5 insize=6264 outsize=6264 ok=1
Cmd: disassembleShader
  api=9 insize=6754 outsize=6754 ok=1
Cmd: disassembleShader
  api=5 insize=6174 outsize=6174 ok=1
Cmd: disassembleShader
  api=9 insize=6615 outsize=6615 ok=1
Cmd: disassembleShader
  api=5 insize=5994 outsize=5994 ok=1
Cmd: disassembleShader
  api=5 insize=4449 outsize=4449 ok=1
Cmd: disassembleShader
  api=5 insize=5805 outsize=5805 ok=1
Cmd: disassembleShader
  api=5 insize=4278 outsize=4278 ok=1
Cmd: disassembleShader
  api=5 insize=5625 outsize=5625 ok=1
Cmd: disassembleShader
  api=9 insize=6103 outsize=6103 ok=1
Cmd: disassembleShader
  api=5 insize=8141 outsize=8141 ok=1
Cmd: disassembleShader
  api=9 insize=8877 outsize=8877 ok=1
Cmd: disassembleShader
  api=5 insize=7878 outsize=7878 ok=1
Cmd: disassembleShader
  api=9 insize=8764 outsize=8764 ok=1
Cmd: disassembleShader
  api=5 insize=9219 outsize=9219 ok=1
Cmd: disassembleShader
  api=9 insize=9487 outsize=9487 ok=1
Cmd: disassembleShader
  api=5 insize=8956 outsize=8956 ok=1
Cmd: disassembleShader
  api=9 insize=9374 outsize=9374 ok=1
Cmd: disassembleShader
  api=9 insize=5857 outsize=5857 ok=1
Cmd: disassembleShader
  api=5 insize=4674 outsize=4674 ok=1
Cmd: disassembleShader
  api=5 insize=6780 outsize=6780 ok=1
Cmd: disassembleShader
  api=5 insize=5246 outsize=5246 ok=1
Cmd: disassembleShader
  api=5 insize=7359 outsize=7359 ok=1
Cmd: disassembleShader
  api=9 insize=8243 outsize=8243 ok=1
Cmd: disassembleShader
  api=5 insize=7178 outsize=7178 ok=1
Cmd: disassembleShader
  api=9 insize=8130 outsize=8130 ok=1
Cmd: disassembleShader
  api=5 insize=8160 outsize=8160 ok=1
Cmd: disassembleShader
  api=9 insize=8468 outsize=8468 ok=1
Cmd: disassembleShader
  api=9 insize=6474 outsize=6474 ok=1
Cmd: disassembleShader
  api=9 insize=8355 outsize=8355 ok=1
Cmd: disassembleShader
  api=5 insize=10244 outsize=10244 ok=1
Cmd: disassembleShader
  api=9 insize=9137 outsize=9137 ok=1
Cmd: disassembleShader
  api=5 insize=9981 outsize=9981 ok=1
Cmd: disassembleShader
  api=9 insize=9024 outsize=9024 ok=1
Cmd: disassembleShader
  api=5 insize=8103 outsize=8103 ok=1
Cmd: disassembleShader
  api=9 insize=8610 outsize=8610 ok=1
Cmd: disassembleShader
  api=9 insize=6627 outsize=6627 ok=1
Cmd: disassembleShader
  api=5 insize=8033 outsize=8033 ok=1
Cmd: disassembleShader
  api=9 insize=7442 outsize=7442 ok=1
Cmd: disassembleShader
  api=9 insize=9279 outsize=9279 ok=1
Cmd: disassembleShader
  api=5 insize=9924 outsize=9924 ok=1
Cmd: disassembleShader
  api=9 insize=9166 outsize=9166 ok=1
Cmd: disassembleShader
  api=9 insize=5572 outsize=5572 ok=1
Cmd: disassembleShader
  api=5 insize=0 outsize=57 ok=1
Cmd: disassembleShader
  api=9 insize=0 outsize=57 ok=1
Cmd: disassembleShader
  api=5 insize=0 outsize=57 ok=1
Cmd: disassembleShader
  api=9 insize=0 outsize=57 ok=1
Cmd: disassembleShader
  api=9 insize=0 outsize=57 ok=1
Cmd: disassembleShader
  api=5 insize=0 outsize=57 ok=1
Cmd: disassembleShader
  api=9 insize=0 outsize=57 ok=1
Cmd: disassembleShader
  api=5 insize=0 outsize=57 ok=1
Cmd: disassembleShader
  api=9 insize=0 outsize=57 ok=1
Cmd: disassembleShader
  api=5 insize=0 outsize=57 ok=1
Cmd: disassembleShader
  api=9 insize=0 outsize=57 ok=1
Cmd: disassembleShader
  api=5 insize=0 outsize=57 ok=1
Cmd: disassembleShader
  api=9 insize=0 outsize=57 ok=1
Cmd: disassembleShader
  api=5 insize=0 outsize=57 ok=1
Cmd: disassembleShader
  api=9 insize=0 outsize=57 ok=1
Cmd: disassembleShader
  api=5 insize=0 outsize=57 ok=1
Cmd: disassembleShader
  api=9 insize=0 outsize=57 ok=1
Cmd: disassembleShader
  api=5 insize=0 outsize=57 ok=1
Cmd: disassembleShader
  api=9 insize=0 outsize=57 ok=1
Cmd: disassembleShader
  api=5 insize=0 outsize=57 ok=1
Cmd: disassembleShader
  api=9 insize=0 outsize=57 ok=1
Cmd: disassembleShader
  api=5 insize=0 outsize=57 ok=1
Cmd: disassembleShader
  api=9 insize=0 outsize=57 ok=1
Cmd: disassembleShader
  api=5 insize=0 outsize=57 ok=1
Cmd: disassembleShader
  api=9 insize=0 outsize=57 ok=1
Cmd: disassembleShader
  api=9 insize=0 outsize=57 ok=1
Cmd: disassembleShader
  api=5 insize=0 outsize=57 ok=1
Cmd: disassembleShader
  api=9 insize=0 outsize=57 ok=1
Cmd: disassembleShader
  api=9 insize=0 outsize=57 ok=1
Cmd: disassembleShader
  api=9 insize=0 outsize=57 ok=1
Cmd: disassembleShader
  api=5 insize=0 outsize=57 ok=1
Cmd: disassembleShader
  api=9 insize=0 outsize=57 ok=1
Cmd: disassembleShader
  api=5 insize=0 outsize=57 ok=1
Cmd: disassembleShader
  api=5 insize=0 outsize=57 ok=1
Cmd: disassembleShader
  api=5 insize=0 outsize=57 ok=1
Cmd: disassembleShader
  api=9 insize=0 outsize=57 ok=1
Cmd: disassembleShader
  api=5 insize=0 outsize=57 ok=1
Cmd: disassembleShader
  api=9 insize=0 outsize=57 ok=1
Cmd: disassembleShader
  api=5 insize=0 outsize=57 ok=1
Cmd: disassembleShader
  api=9 insize=0 outsize=57 ok=1
Cmd: disassembleShader
  api=5 insize=0 outsize=57 ok=1
Cmd: disassembleShader
  api=9 insize=0 outsize=57 ok=1
Cmd: disassembleShader
  api=5 insize=0 outsize=57 ok=1
Cmd: disassembleShader
  api=9 insize=0 outsize=57 ok=1
Cmd: disassembleShader
  api=5 insize=0 outsize=57 ok=1
Cmd: disassembleShader
  api=9 insize=0 outsize=57 ok=1
Cmd: disassembleShader
  api=5 insize=0 outsize=57 ok=1
Cmd: disassembleShader
  api=9 insize=0 outsize=57 ok=1
Cmd: disassembleShader
  api=5 insize=0 outsize=57 ok=1
Cmd: disassembleShader
  api=9 insize=0 outsize=57 ok=1
Cmd: disassembleShader
  api=5 insize=0 outsize=57 ok=1
Cmd: disassembleShader
  api=5 insize=1400 outsize=1400 ok=1
Cmd: disassembleShader
  api=9 insize=2606 outsize=2606 ok=1
Cmd: disassembleShader
  api=5 insize=1607 outsize=1607 ok=1
Cmd: disassembleShader
  api=9 insize=3257 outsize=3257 ok=1
Cmd: disassembleShader
  api=5 insize=973 outsize=973 ok=1
Cmd: disassembleShader
  api=9 insize=2379 outsize=2379 ok=1
Cmd: disassembleShader
  api=5 insize=2034 outsize=2034 ok=1
Cmd: disassembleShader
  api=9 insize=3484 outsize=3484 ok=1
Cmd: disassembleShader
  api=9 insize=3323 outsize=3323 ok=1
Cmd: disassembleShader
  api=9 insize=3974 outsize=3974 ok=1
Cmd: disassembleShader
  api=9 insize=3096 outsize=3096 ok=1
Cmd: disassembleShader
  api=9 insize=4201 outsize=4201 ok=1
Cmd: disassembleShader
  api=5 insize=0 outsize=57 ok=1
Cmd: disassembleShader
  api=9 insize=0 outsize=57 ok=1
Cmd: disassembleShader
  api=5 insize=0 outsize=57 ok=1
Cmd: disassembleShader
  api=9 insize=0 outsize=57 ok=1
Cmd: disassembleShader
  api=5 insize=0 outsize=57 ok=1
Cmd: disassembleShader
  api=9 insize=0 outsize=57 ok=1
Cmd: disassembleShader
  api=5 insize=0 outsize=57 ok=1
Cmd: disassembleShader
  api=9 insize=0 outsize=57 ok=1
Cmd: disassembleShader
  api=9 insize=0 outsize=57 ok=1
Cmd: disassembleShader
  api=9 insize=0 outsize=57 ok=1
Cmd: disassembleShader
  api=9 insize=0 outsize=57 ok=1
Cmd: disassembleShader
  api=9 insize=0 outsize=57 ok=1
Cmd: disassembleShader
  api=9 insize=0 outsize=57 ok=1
Cmd: disassembleShader
  api=5 insize=3675 outsize=3675 ok=1
Cmd: disassembleShader
  api=9 insize=4248 outsize=4248 ok=1
Cmd: disassembleShader
  api=5 insize=5495 outsize=5495 ok=1
Cmd: disassembleShader
  api=9 insize=6094 outsize=6094 ok=1
Cmd: disassembleShader
  api=9 insize=5942 outsize=5942 ok=1
Cmd: disassembleShader
  api=5 insize=5098 outsize=5098 ok=1
Cmd: disassembleShader
  api=9 insize=5879 outsize=5879 ok=1
Cmd: disassembleShader
  api=5 insize=5280 outsize=5280 ok=1
Cmd: disassembleShader
  api=9 insize=6048 outsize=6048 ok=1
Cmd: disassembleShader
  api=5 insize=5217 outsize=5217 ok=1
Cmd: disassembleShader
  api=9 insize=5896 outsize=5896 ok=1
Cmd: disassembleShader
  api=5 insize=5266 outsize=5266 ok=1
Cmd: disassembleShader
  api=9 insize=5833 outsize=5833 ok=1
Cmd: disassembleShader
  api=5 insize=3962 outsize=3962 ok=1
Cmd: disassembleShader
  api=9 insize=4498 outsize=4498 ok=1
Cmd: disassembleShader
  api=5 insize=3711 outsize=3711 ok=1
Cmd: disassembleShader
  api=9 insize=4355 outsize=4355 ok=1
Cmd: disassembleShader
  api=9 insize=5187 outsize=5187 ok=1
Cmd: disassembleShader
  api=9 insize=8186 outsize=8186 ok=1
Cmd: disassembleShader
  api=9 insize=8034 outsize=8034 ok=1
Cmd: disassembleShader
  api=9 insize=7971 outsize=7971 ok=1
Cmd: disassembleShader
  api=9 insize=8140 outsize=8140 ok=1
Cmd: disassembleShader
  api=9 insize=7988 outsize=7988 ok=1
Cmd: disassembleShader
  api=9 insize=7925 outsize=7925 ok=1
Cmd: disassembleShader
  api=9 insize=5437 outsize=5437 ok=1
Cmd: disassembleShader
  api=9 insize=5294 outsize=5294 ok=1
Cmd: disassembleShader
  api=5 insize=0 outsize=57 ok=1
Cmd: disassembleShader
  api=9 insize=0 outsize=57 ok=1
Cmd: disassembleShader
  api=5 insize=0 outsize=57 ok=1
Cmd: disassembleShader
  api=9 insize=0 outsize=57 ok=1
Cmd: disassembleShader
  api=5 insize=0 outsize=57 ok=1
Cmd: disassembleShader
  api=9 insize=0 outsize=57 ok=1
Cmd: disassembleShader
  api=5 insize=0 outsize=57 ok=1
Cmd: disassembleShader
  api=9 insize=0 outsize=57 ok=1
Cmd: disassembleShader
  api=5 insize=0 outsize=57 ok=1
Cmd: disassembleShader
  api=9 insize=0 outsize=57 ok=1
Cmd: disassembleShader
  api=5 insize=0 outsize=57 ok=1
Cmd: disassembleShader
  api=9 insize=0 outsize=57 ok=1
Cmd: disassembleShader
  api=5 insize=0 outsize=57 ok=1
Cmd: disassembleShader
  api=9 insize=0 outsize=57 ok=1
Cmd: disassembleShader
  api=5 insize=0 outsize=57 ok=1
Cmd: disassembleShader
  api=5 insize=0 outsize=57 ok=1
Cmd: disassembleShader
  api=9 insize=0 outsize=57 ok=1
Cmd: disassembleShader
  api=5 insize=0 outsize=57 ok=1
Cmd: disassembleShader
  api=5 insize=0 outsize=57 ok=1
Cmd: disassembleShader
  api=9 insize=0 outsize=57 ok=1
Cmd: disassembleShader
  api=9 insize=0 outsize=57 ok=1
Cmd: disassembleShader
  api=9 insize=0 outsize=57 ok=1
Cmd: disassembleShader
  api=9 insize=0 outsize=57 ok=1
Cmd: disassembleShader
  api=9 insize=0 outsize=57 ok=1
Cmd: disassembleShader
  api=9 insize=0 outsize=57 ok=1
Cmd: disassembleShader
  api=9 insize=0 outsize=57 ok=1
Cmd: disassembleShader
  api=9 insize=0 outsize=57 ok=1
Cmd: disassembleShader
  api=9 insize=0 outsize=57 ok=1
Cmd: disassembleShader
  api=9 insize=0 outsize=57 ok=1
Cmd: disassembleShader
  api=9 insize=0 outsize=57 ok=1
Cmd: disassembleShader
  api=9 insize=0 outsize=57 ok=1
Cmd: disassembleShader
  api=9 insize=0 outsize=57 ok=1
Cmd: disassembleShader
  api=5 insize=6306 outsize=6306 ok=1
Cmd: disassembleShader
  api=9 insize=6692 outsize=6692 ok=1
Cmd: disassembleShader
  api=5 insize=7930 outsize=7930 ok=1
Cmd: disassembleShader
  api=5 insize=7184 outsize=7184 ok=1
Cmd: disassembleShader
  api=5 insize=7837 outsize=7837 ok=1
Cmd: disassembleShader
  api=9 insize=8313 outsize=8313 ok=1
Cmd: disassembleShader
  api=9 insize=7896 outsize=7896 ok=1
Cmd: disassembleShader
  api=9 insize=8253 outsize=8253 ok=1
Cmd: disassembleShader
  api=5 insize=9054 outsize=9054 ok=1
Cmd: disassembleShader
  api=9 insize=9749 outsize=9749 ok=1
Cmd: disassembleShader
  api=5 insize=8991 outsize=8991 ok=1
Cmd: disassembleShader
  api=9 insize=9587 outsize=9587 ok=1
Cmd: disassembleShader
  api=5 insize=8863 outsize=8863 ok=1
Cmd: disassembleShader
  api=9 insize=9549 outsize=9549 ok=1
Cmd: disassembleShader
  api=5 insize=10470 outsize=10470 ok=1
Cmd: disassembleShader
  api=9 insize=11239 outsize=11239 ok=1
Cmd: disassembleShader
  api=9 insize=9129 outsize=9129 ok=1
Cmd: disassembleShader
  api=9 insize=11129 outsize=11129 ok=1
Cmd: disassembleShader
  api=5 insize=10279 outsize=10279 ok=1
Cmd: disassembleShader
  api=9 insize=11061 outsize=11061 ok=1
Cmd: disassembleShader
  api=5 insize=6497 outsize=6497 ok=1
Cmd: disassembleShader
  api=9 insize=6906 outsize=6906 ok=1
Cmd: disassembleShader
  api=5 insize=6399 outsize=6399 ok=1
Cmd: disassembleShader
  api=9 insize=6784 outsize=6784 ok=1
Cmd: disassembleShader
  api=5 insize=6306 outsize=6306 ok=1
Cmd: disassembleShader
  api=9 insize=6692 outsize=6692 ok=1
Cmd: disassembleShader
  api=5 insize=9757 outsize=9757 ok=1
Cmd: disassembleShader
  api=9 insize=9756 outsize=9756 ok=1
Cmd: disassembleShader
  api=5 insize=9664 outsize=9664 ok=1
Cmd: disassembleShader
  api=9 insize=9604 outsize=9604 ok=1
Cmd: disassembleShader
  api=5 insize=8905 outsize=8905 ok=1
Cmd: disassembleShader
  api=9 insize=9201 outsize=9201 ok=1
Cmd: disassembleShader
  api=5 insize=6829 outsize=6829 ok=1
Cmd: disassembleShader
  api=9 insize=7711 outsize=7711 ok=1
Cmd: disassembleShader
  api=9 insize=9749 outsize=9749 ok=1
Cmd: disassembleShader
  api=9 insize=7613 outsize=7613 ok=1
Cmd: disassembleShader
  api=5 insize=6589 outsize=6589 ok=1
Cmd: disassembleShader
  api=5 insize=8863 outsize=8863 ok=1
Cmd: disassembleShader
  api=9 insize=9549 outsize=9549 ok=1
Cmd: disassembleShader
  api=5 insize=12401 outsize=12401 ok=1
Cmd: disassembleShader
  api=9 insize=12801 outsize=12801 ok=1
Cmd: disassembleShader
  api=9 insize=10420 outsize=10420 ok=1
Cmd: disassembleShader
  api=5 insize=9787 outsize=9787 ok=1
Cmd: disassembleShader
  api=5 insize=12210 outsize=12210 ok=1
Cmd: disassembleShader
  api=9 insize=12623 outsize=12623 ok=1
Cmd: disassembleShader
  api=5 insize=6497 outsize=6497 ok=1
Cmd: disassembleShader
  api=9 insize=6906 outsize=6906 ok=1
Cmd: disassembleShader
  api=5 insize=6399 outsize=6399 ok=1
Cmd: disassembleShader
  api=9 insize=6784 outsize=6784 ok=1
Cmd: disassembleShader
  api=5 insize=0 outsize=57 ok=1
Cmd: disassembleShader
  api=9 insize=0 outsize=57 ok=1
Cmd: disassembleShader
  api=5 insize=0 outsize=57 ok=1
Cmd: disassembleShader
  api=9 insize=0 outsize=57 ok=1
Cmd: disassembleShader
  api=9 insize=0 outsize=57 ok=1
Cmd: disassembleShader
  api=5 insize=0 outsize=57 ok=1
Cmd: disassembleShader
  api=9 insize=0 outsize=57 ok=1
Cmd: disassembleShader
  api=5 insize=0 outsize=57 ok=1
Cmd: disassembleShader
  api=9 insize=0 outsize=57 ok=1
Cmd: disassembleShader
  api=5 insize=0 outsize=57 ok=1
Cmd: disassembleShader
  api=9 insize=0 outsize=57 ok=1
Cmd: disassembleShader
  api=5 insize=0 outsize=57 ok=1
Cmd: disassembleShader
  api=9 insize=0 outsize=57 ok=1
Cmd: disassembleShader
  api=5 insize=0 outsize=57 ok=1
Cmd: disassembleShader
  api=9 insize=0 outsize=57 ok=1
Cmd: disassembleShader
  api=5 insize=0 outsize=57 ok=1
Cmd: disassembleShader
  api=9 insize=0 outsize=57 ok=1
Cmd: disassembleShader
  api=5 insize=0 outsize=57 ok=1
Cmd: disassembleShader
  api=9 insize=0 outsize=57 ok=1
Cmd: disassembleShader
  api=5 insize=0 outsize=57 ok=1
Cmd: disassembleShader
  api=9 insize=0 outsize=57 ok=1
Cmd: disassembleShader
  api=5 insize=0 outsize=57 ok=1
Cmd: disassembleShader
  api=9 insize=0 outsize=57 ok=1
Cmd: disassembleShader
  api=5 insize=5662 outsize=5662 ok=1
Cmd: disassembleShader
  api=9 insize=5683 outsize=5683 ok=1
Cmd: disassembleShader
  api=5 insize=4871 outsize=4871 ok=1
Cmd: disassembleShader
  api=5 insize=4784 outsize=4784 ok=1
Cmd: disassembleShader
  api=9 insize=4943 outsize=4943 ok=1
Cmd: disassembleShader
  api=5 insize=5912 outsize=5912 ok=1
Cmd: disassembleShader
  api=9 insize=6210 outsize=6210 ok=1
Cmd: disassembleShader
  api=5 insize=5827 outsize=5827 ok=1
Cmd: disassembleShader
  api=9 insize=6082 outsize=6082 ok=1
Cmd: disassembleShader
  api=9 insize=5721 outsize=5721 ok=1
Cmd: disassembleShader
  api=5 insize=4569 outsize=4569 ok=1
Cmd: disassembleShader
  api=9 insize=5604 outsize=5604 ok=1
Cmd: disassembleShader
  api=5 insize=4363 outsize=4363 ok=1
Cmd: disassembleShader
  api=9 insize=5374 outsize=5374 ok=1
Cmd: disassembleShader
  api=5 insize=4278 outsize=4278 ok=1
Cmd: disassembleShader
  api=9 insize=5231 outsize=5231 ok=1
Cmd: disassembleShader
  api=5 insize=5730 outsize=5730 ok=1
Cmd: disassembleShader
  api=9 insize=7034 outsize=7034 ok=1
Cmd: disassembleShader
  api=5 insize=5645 outsize=5645 ok=1
Cmd: disassembleShader
  api=9 insize=6900 outsize=6900 ok=1
Cmd: disassembleShader
  api=5 insize=4845 outsize=4845 ok=1
Cmd: disassembleShader
  api=9 insize=5857 outsize=5857 ok=1
Cmd: disassembleShader
  api=5 insize=4674 outsize=4674 ok=1
Cmd: disassembleShader
  api=5 insize=6780 outsize=6780 ok=1
Cmd: disassembleShader
  api=9 insize=7629 outsize=7629 ok=1
Cmd: disassembleShader
  api=5 insize=7359 outsize=7359 ok=1
Cmd: disassembleShader
  api=9 insize=8243 outsize=8243 ok=1
Cmd: disassembleShader
  api=9 insize=6238 outsize=6238 ok=1
Cmd: disassembleShader
  api=5 insize=5801 outsize=5801 ok=1
Cmd: disassembleShader
  api=5 insize=6892 outsize=6892 ok=1
Cmd: disassembleShader
  api=9 insize=6813 outsize=6813 ok=1
Cmd: disassembleShader
  api=5 insize=6790 outsize=6790 ok=1
Cmd: disassembleShader
  api=5 insize=5726 outsize=5726 ok=1
Cmd: disassembleShader
  api=5 insize=6817 outsize=6817 ok=1
Cmd: disassembleShader
  api=9 insize=6966 outsize=6966 ok=1
Cmd: disassembleShader
  api=5 insize=6715 outsize=6715 ok=1
Cmd: disassembleShader
  api=9 insize=6813 outsize=6813 ok=1
Cmd: disassembleShader
  api=5 insize=5747 outsize=5747 ok=1
Cmd: disassembleShader
  api=9 insize=5811 outsize=5811 ok=1
Cmd: disassembleShader
  api=9 insize=0 outsize=57 ok=1
Cmd: disassembleShader
  api=5 insize=0 outsize=57 ok=1
Cmd: disassembleShader
  api=9 insize=0 outsize=57 ok=1
Cmd: disassembleShader
  api=5 insize=0 outsize=57 ok=1
Cmd: disassembleShader
  api=9 insize=0 outsize=57 ok=1
Cmd: disassembleShader
  api=5 insize=0 outsize=57 ok=1
Cmd: disassembleShader
  api=9 insize=0 outsize=57 ok=1
Cmd: disassembleShader
  api=5 insize=0 outsize=57 ok=1
Cmd: disassembleShader
  api=5 insize=0 outsize=57 ok=1
Cmd: disassembleShader
  api=9 insize=0 outsize=57 ok=1
Cmd: disassembleShader
  api=5 insize=0 outsize=57 ok=1
Cmd: disassembleShader
  api=5 insize=0 outsize=57 ok=1
Cmd: disassembleShader
  api=9 insize=0 outsize=57 ok=1
Cmd: disassembleShader
  api=9 insize=0 outsize=57 ok=1
Cmd: disassembleShader
  api=5 insize=0 outsize=57 ok=1
Cmd: disassembleShader
  api=9 insize=0 outsize=57 ok=1
Cmd: disassembleShader
  api=9 insize=0 outsize=57 ok=1
Cmd: disassembleShader
  api=5 insize=0 outsize=57 ok=1
Cmd: disassembleShader
  api=5 insize=0 outsize=57 ok=1
Cmd: disassembleShader
  api=9 insize=0 outsize=57 ok=1
Cmd: disassembleShader
  api=5 insize=0 outsize=57 ok=1
Cmd: disassembleShader
  api=9 insize=0 outsize=57 ok=1
Cmd: disassembleShader
  api=5 insize=0 outsize=57 ok=1
Cmd: disassembleShader
  api=9 insize=0 outsize=57 ok=1
Cmd: disassembleShader
  api=5 insize=0 outsize=57 ok=1
Cmd: disassembleShader
  api=9 insize=0 outsize=57 ok=1
Cmd: disassembleShader
  api=5 insize=0 outsize=57 ok=1
Cmd: disassembleShader
  api=9 insize=0 outsize=57 ok=1
Cmd: disassembleShader
  api=5 insize=0 outsize=57 ok=1
Cmd: disassembleShader
  api=9 insize=0 outsize=57 ok=1
Cmd: disassembleShader
  api=5 insize=0 outsize=57 ok=1
Cmd: disassembleShader
  api=9 insize=0 outsize=57 ok=1
Cmd: disassembleShader
  api=5 insize=0 outsize=57 ok=1
Cmd: disassembleShader
  api=9 insize=0 outsize=57 ok=1
Cmd: disassembleShader
  api=5 insize=0 outsize=57 ok=1
Cmd: disassembleShader
  api=9 insize=0 outsize=57 ok=1
Cmd: disassembleShader
  api=5 insize=0 outsize=57 ok=1
Cmd: disassembleShader
  api=9 insize=0 outsize=57 ok=1
Cmd: disassembleShader
  api=5 insize=0 outsize=57 ok=1
Cmd: disassembleShader
  api=9 insize=0 outsize=57 ok=1
Cmd: disassembleShader
  api=5 insize=0 outsize=57 ok=1
Cmd: disassembleShader
  api=9 insize=0 outsize=57 ok=1
Cmd: disassembleShader
  api=5 insize=0 outsize=57 ok=1
Cmd: disassembleShader
  api=9 insize=0 outsize=57 ok=1
Cmd: disassembleShader
  api=5 insize=1400 outsize=1400 ok=1
Cmd: disassembleShader
  api=9 insize=2606 outsize=2606 ok=1
Cmd: disassembleShader
  api=5 insize=1454 outsize=1454 ok=1
Cmd: disassembleShader
  api=9 insize=2990 outsize=2990 ok=1
Cmd: disassembleShader
  api=5 insize=973 outsize=973 ok=1
Cmd: disassembleShader
  api=9 insize=2379 outsize=2379 ok=1
Cmd: disassembleShader
  api=5 insize=1881 outsize=1881 ok=1
Cmd: disassembleShader
  api=9 insize=3217 outsize=3217 ok=1
Cmd: disassembleShader
  api=5 insize=0 outsize=57 ok=1
Cmd: disassembleShader
  api=9 insize=0 outsize=57 ok=1
Cmd: disassembleShader
  api=5 insize=0 outsize=57 ok=1
Cmd: disassembleShader
  api=9 insize=0 outsize=57 ok=1
Cmd: disassembleShader
  api=5 insize=0 outsize=57 ok=1
Cmd: disassembleShader
  api=9 insize=0 outsize=57 ok=1
Cmd: disassembleShader
  api=5 insize=0 outsize=57 ok=1
Cmd: disassembleShader
  api=9 insize=0 outsize=57 ok=1
Cmd: initializeCompiler
Cmd: initializeCompiler
Cmd: initializeCompiler
Cmd: initializeCompiler
Cmd: initializeCompiler
Cmd: initializeCompiler
Cmd: initializeCompiler
Cmd: initializeCompiler
Cmd: initializeCompiler
Cmd: initializeCompiler
Cmd: initializeCompiler
Cmd: initializeCompiler
Cmd: initializeCompiler
Cmd: initializeCompiler
Cmd: initializeCompiler
Cmd: initializeCompiler
Cmd: initializeCompiler
Cmd: initializeCompiler
Cmd: initializeCompiler
Cmd: initializeCompiler
Cmd: compileSnippet
  api=5 type=0 insize=1605 outsize=697 kw= pd=UNITY_NO_DXT5nm UNITY_NO_RGBM UNITY_ENABLE_REFLECTION_BUFFERS UNITY_FRAMEBUFFER_FETCH_AVAILABLE UNITY_NO_CUBEMAP_ARRAY UNITY_NO_SCREENSPACE_SHADOWS UNITY_PBS_USE_BRDF3 UNITY_NO_FULL_STANDARD_SHADER SHADER_API_MOBILE UNITY_HARDWARE_TIER1 UNITY_COLORSPACE_GAMMA UNITY_HALF_PRECISION_FRAGMENT_SHADER_REGISTERS UNITY_LIGHTMAP_DLDR_ENCODING ok=1
Cmd: compileSnippet
  api=9 type=0 insize=1605 outsize=1202 kw= pd=UNITY_NO_DXT5nm UNITY_NO_RGBM UNITY_ENABLE_REFLECTION_BUFFERS UNITY_FRAMEBUFFER_FETCH_AVAILABLE UNITY_NO_CUBEMAP_ARRAY UNITY_NO_SCREENSPACE_SHADOWS UNITY_PBS_USE_BRDF2 SHADER_API_MOBILE UNITY_HARDWARE_TIER3 UNITY_COLORSPACE_GAMMA UNITY_LIGHTMAP_DLDR_ENCODING ok=1
Cmd: compileSnippet
  api=5 type=1 insize=1605 outsize=0 kw= pd=UNITY_NO_DXT5nm UNITY_NO_RGBM UNITY_ENABLE_REFLECTION_BUFFERS UNITY_FRAMEBUFFER_FETCH_AVAILABLE UNITY_NO_CUBEMAP_ARRAY UNITY_NO_SCREENSPACE_SHADOWS UNITY_PBS_USE_BRDF2 SHADER_API_MOBILE UNITY_HARDWARE_TIER2 UNITY_COLORSPACE_GAMMA UNITY_HALF_PRECISION_FRAGMENT_SHADER_REGISTERS UNITY_LIGHTMAP_DLDR_ENCODING ok=1
Cmd: compileSnippet
  api=9 type=1 insize=1605 outsize=0 kw= pd=UNITY_NO_DXT5nm UNITY_NO_RGBM UNITY_ENABLE_REFLECTION_BUFFERS UNITY_FRAMEBUFFER_FETCH_AVAILABLE UNITY_NO_CUBEMAP_ARRAY UNITY_NO_SCREENSPACE_SHADOWS UNITY_PBS_USE_BRDF2 SHADER_API_MOBILE UNITY_HARDWARE_TIER3 UNITY_COLORSPACE_GAMMA UNITY_LIGHTMAP_DLDR_ENCODING ok=1
Cmd: initializeCompiler
Cmd: initializeCompiler
