Base path: F:/Unity/Editor/Data
Cmd: initializeCompiler
Cmd: compileSnippet
  api=5 type=0 insize=5089 outsize=3845 kw= pd=UNITY_NO_DXT5nm UNITY_NO_RGBM UNITY_ENABLE_REFLECTION_BUFFERS UNITY_FRAMEBUFFER_FETCH_AVAILABLE UNITY_NO_CUBEMAP_ARRAY UNITY_NO_SCREENSPACE_SHADOWS UNITY_PBS_USE_BRDF2 SHADER_API_MOBILE UNITY_HARDWARE_TIER3 UNITY_COLORSPACE_GAMMA UNITY_HALF_PRECISION_FRAGMENT_SHADER_REGISTERS UNITY_LIGHTMAP_DLDR_ENCODING ok=1
Cmd: compileSnippet
  api=9 type=0 insize=5089 outsize=8141 kw= pd=UNITY_NO_DXT5nm UNITY_NO_RGBM UNITY_ENABLE_REFLECTION_BUFFERS UNITY_FRAMEBUFFER_FETCH_AVAILABLE UNITY_NO_CUBEMAP_ARRAY UNITY_NO_SCREENSPACE_SHADOWS UNITY_PBS_USE_BRDF2 SHADER_API_MOBILE UNITY_HARDWARE_TIER3 UNITY_COLORSPACE_GAMMA UNITY_LIGHTMAP_DLDR_ENCODING ok=1
Cmd: compileSnippet
  api=5 type=0 insize=5089 outsize=4764 kw=SPOT pd=UNITY_NO_DXT5nm UNITY_NO_RGBM UNITY_ENABLE_REFLECTION_BUFFERS UNITY_FRAMEBUFFER_FETCH_AVAILABLE UNITY_NO_CUBEMAP_ARRAY UNITY_NO_SCREENSPACE_SHADOWS UNITY_PBS_USE_BRDF3 UNITY_NO_FULL_STANDARD_SHADER SHADER_API_MOBILE UNITY_HARDWARE_TIER1 UNITY_COLORSPACE_GAMMA UNITY_HALF_PRECISION_FRAGMENT_SHADER_REGISTERS UNITY_LIGHTMAP_DLDR_ENCODING ok=1
Cmd: compileSnippet
  api=5 type=0 insize=5089 outsize=4764 kw=SPOT pd=UNITY_NO_DXT5nm UNITY_NO_RGBM UNITY_ENABLE_REFLECTION_BUFFERS UNITY_FRAMEBUFFER_FETCH_AVAILABLE UNITY_NO_CUBEMAP_ARRAY UNITY_NO_SCREENSPACE_SHADOWS UNITY_PBS_USE_BRDF2 SHADER_API_MOBILE UNITY_HARDWARE_TIER2 UNITY_COLORSPACE_GAMMA UNITY_HALF_PRECISION_FRAGMENT_SHADER_REGISTERS UNITY_LIGHTMAP_DLDR_ENCODING ok=1
Cmd: compileSnippet
  api=5 type=0 insize=5089 outsize=4764 kw=SPOT pd=UNITY_NO_DXT5nm UNITY_NO_RGBM UNITY_ENABLE_REFLECTION_BUFFERS UNITY_FRAMEBUFFER_FETCH_AVAILABLE UNITY_NO_CUBEMAP_ARRAY UNITY_NO_SCREENSPACE_SHADOWS UNITY_PBS_USE_BRDF2 SHADER_API_MOBILE UNITY_HARDWARE_TIER3 UNITY_COLORSPACE_GAMMA UNITY_HALF_PRECISION_FRAGMENT_SHADER_REGISTERS UNITY_LIGHTMAP_DLDR_ENCODING ok=1
Cmd: compileSnippet
  api=9 type=0 insize=5089 outsize=28923 kw=SPOT pd=UNITY_NO_DXT5nm UNITY_NO_RGBM UNITY_ENABLE_REFLECTION_BUFFERS UNITY_FRAMEBUFFER_FETCH_AVAILABLE UNITY_NO_CUBEMAP_ARRAY UNITY_NO_SCREENSPACE_SHADOWS UNITY_PBS_USE_BRDF3 UNITY_NO_FULL_STANDARD_SHADER SHADER_API_MOBILE UNITY_HARDWARE_TIER1 UNITY_COLORSPACE_GAMMA UNITY_LIGHTMAP_DLDR_ENCODING ok=1
Cmd: compileSnippet
  api=9 type=1 insize=5089 outsize=0 kw= pd=UNITY_NO_DXT5nm UNITY_NO_RGBM UNITY_ENABLE_REFLECTION_BUFFERS UNITY_FRAMEBUFFER_FETCH_AVAILABLE UNITY_NO_CUBEMAP_ARRAY UNITY_NO_SCREENSPACE_SHADOWS UNITY_PBS_USE_BRDF3 UNITY_NO_FULL_STANDARD_SHADER SHADER_API_MOBILE UNITY_HARDWARE_TIER1 UNITY_COLORSPACE_GAMMA UNITY_LIGHTMAP_DLDR_ENCODING ok=1
Cmd: compileSnippet
  api=9 type=1 insize=5089 outsize=0 kw=SPOT pd=UNITY_NO_DXT5nm UNITY_NO_RGBM UNITY_ENABLE_REFLECTION_BUFFERS UNITY_FRAMEBUFFER_FETCH_AVAILABLE UNITY_NO_CUBEMAP_ARRAY UNITY_NO_SCREENSPACE_SHADOWS UNITY_PBS_USE_BRDF2 SHADER_API_MOBILE UNITY_HARDWARE_TIER2 UNITY_COLORSPACE_GAMMA UNITY_LIGHTMAP_DLDR_ENCODING ok=1
Cmd: initializeCompiler
Cmd: initializeCompiler
Cmd: initializeCompiler
Cmd: initializeCompiler
Cmd: compileSnippet
  api=9 type=0 insize=18703 outsize=4125 kw=UNITY_PASS_FORWARDBASE DIRECTIONAL pd=UNITY_NO_DXT5nm UNITY_NO_RGBM UNITY_ENABLE_REFLECTION_BUFFERS UNITY_FRAMEBUFFER_FETCH_AVAILABLE UNITY_NO_CUBEMAP_ARRAY UNITY_NO_SCREENSPACE_SHADOWS UNITY_PBS_USE_BRDF3 UNITY_NO_FULL_STANDARD_SHADER SHADER_API_MOBILE UNITY_HARDWARE_TIER1 UNITY_COLORSPACE_GAMMA UNITY_LIGHTMAP_DLDR_ENCODING ok=1
Cmd: compileSnippet
  api=9 type=0 insize=18703 outsize=5592 kw=UNITY_PASS_FORWARDBASE DIRECTIONAL LIGHTPROBE_SH pd=UNITY_NO_DXT5nm UNITY_NO_RGBM UNITY_ENABLE_REFLECTION_BUFFERS UNITY_FRAMEBUFFER_FETCH_AVAILABLE UNITY_NO_CUBEMAP_ARRAY UNITY_NO_SCREENSPACE_SHADOWS UNITY_PBS_USE_BRDF2 SHADER_API_MOBILE UNITY_HARDWARE_TIER2 UNITY_COLORSPACE_GAMMA UNITY_LIGHTMAP_DLDR_ENCODING ok=1
Cmd: compileSnippet
  api=5 type=0 insize=18703 outsize=7251 kw=UNITY_PASS_FORWARDBASE DIRECTIONAL LIGHTPROBE_SH VERTEXLIGHT_ON pd=UNITY_NO_DXT5nm UNITY_NO_RGBM UNITY_ENABLE_REFLECTION_BUFFERS UNITY_FRAMEBUFFER_FETCH_AVAILABLE UNITY_NO_CUBEMAP_ARRAY UNITY_NO_SCREENSPACE_SHADOWS UNITY_PBS_USE_BRDF2 SHADER_API_MOBILE UNITY_HARDWARE_TIER3 UNITY_COLORSPACE_GAMMA UNITY_HALF_PRECISION_FRAGMENT_SHADER_REGISTERS UNITY_LIGHTMAP_DLDR_ENCODING ok=1
Cmd: compileSnippet
  api=9 type=1 insize=18703 outsize=0 kw=UNITY_PASS_FORWARDBASE DIRECTIONAL pd=UNITY_NO_DXT5nm UNITY_NO_RGBM UNITY_ENABLE_REFLECTION_BUFFERS UNITY_FRAMEBUFFER_FETCH_AVAILABLE UNITY_NO_CUBEMAP_ARRAY UNITY_NO_SCREENSPACE_SHADOWS UNITY_PBS_USE_BRDF3 UNITY_NO_FULL_STANDARD_SHADER SHADER_API_MOBILE UNITY_HARDWARE_TIER1 UNITY_COLORSPACE_GAMMA UNITY_LIGHTMAP_DLDR_ENCODING ok=1
Cmd: compileSnippet
  api=5 type=1 insize=18703 outsize=0 kw=UNITY_PASS_FORWARDBASE DIRECTIONAL LIGHTPROBE_SH pd=UNITY_NO_DXT5nm UNITY_NO_RGBM UNITY_ENABLE_REFLECTION_BUFFERS UNITY_FRAMEBUFFER_FETCH_AVAILABLE UNITY_NO_CUBEMAP_ARRAY UNITY_NO_SCREENSPACE_SHADOWS UNITY_PBS_USE_BRDF2 SHADER_API_MOBILE UNITY_HARDWARE_TIER2 UNITY_COLORSPACE_GAMMA UNITY_HALF_PRECISION_FRAGMENT_SHADER_REGISTERS UNITY_LIGHTMAP_DLDR_ENCODING ok=1
Cmd: compileSnippet
  api=9 type=1 insize=18703 outsize=0 kw=UNITY_PASS_FORWARDBASE DIRECTIONAL LIGHTPROBE_SH pd=UNITY_NO_DXT5nm UNITY_NO_RGBM UNITY_ENABLE_REFLECTION_BUFFERS UNITY_FRAMEBUFFER_FETCH_AVAILABLE UNITY_NO_CUBEMAP_ARRAY UNITY_NO_SCREENSPACE_SHADOWS UNITY_PBS_USE_BRDF2 SHADER_API_MOBILE UNITY_HARDWARE_TIER3 UNITY_COLORSPACE_GAMMA UNITY_LIGHTMAP_DLDR_ENCODING ok=1
Cmd: initializeCompiler
Cmd: disassembleShader
  api=5 insize=7233 outsize=7233 ok=1
Cmd: disassembleShader
  api=9 insize=7620 outsize=7620 ok=1
Cmd: disassembleShader
  api=5 insize=8839 outsize=8839 ok=1
Cmd: disassembleShader
  api=9 insize=9331 outsize=9331 ok=1
Cmd: disassembleShader
  api=9 insize=8157 outsize=8157 ok=1
Cmd: disassembleShader
  api=5 insize=7231 outsize=7231 ok=1
Cmd: disassembleShader
  api=5 insize=8648 outsize=8648 ok=1
Cmd: disassembleShader
  api=9 insize=9153 outsize=9153 ok=1
Cmd: disassembleShader
  api=5 insize=9054 outsize=9054 ok=1
Cmd: disassembleShader
  api=5 insize=6762 outsize=6762 ok=1
Cmd: disassembleShader
  api=5 insize=8991 outsize=8991 ok=1
Cmd: disassembleShader
  api=5 insize=6589 outsize=6589 ok=1
Cmd: disassembleShader
  api=5 insize=8863 outsize=8863 ok=1
Cmd: disassembleShader
  api=9 insize=9549 outsize=9549 ok=1
Cmd: disassembleShader
  api=5 insize=10470 outsize=10470 ok=1
Cmd: disassembleShader
  api=9 insize=11239 outsize=11239 ok=1
Cmd: disassembleShader
  api=9 insize=9129 outsize=9129 ok=1
Cmd: disassembleShader
  api=5 insize=7961 outsize=7961 ok=1
Cmd: disassembleShader
  api=5 insize=10279 outsize=10279 ok=1
Cmd: disassembleShader
  api=9 insize=11061 outsize=11061 ok=1
Cmd: disassembleShader
  api=5 insize=7424 outsize=7424 ok=1
Cmd: disassembleShader
  api=9 insize=7820 outsize=7820 ok=1
Cmd: disassembleShader
  api=9 insize=6642 outsize=6642 ok=1
Cmd: disassembleShader
  api=5 insize=7233 outsize=7233 ok=1
Cmd: disassembleShader
  api=9 insize=7620 outsize=7620 ok=1
Cmd: disassembleShader
  api=5 insize=10770 outsize=10770 ok=1
Cmd: disassembleShader
  api=9 insize=10893 outsize=10893 ok=1
Cmd: disassembleShader
  api=5 insize=10711 outsize=10711 ok=1
Cmd: disassembleShader
  api=9 insize=10791 outsize=10791 ok=1
Cmd: disassembleShader
  api=5 insize=10579 outsize=10579 ok=1
Cmd: disassembleShader
  api=9 insize=10715 outsize=10715 ok=1
Cmd: disassembleShader
  api=5 insize=9054 outsize=9054 ok=1
Cmd: disassembleShader
  api=9 insize=9749 outsize=9749 ok=1
Cmd: disassembleShader
  api=5 insize=8991 outsize=8991 ok=1
Cmd: disassembleShader
  api=9 insize=9587 outsize=9587 ok=1
Cmd: disassembleShader
  api=5 insize=8863 outsize=8863 ok=1
Cmd: disassembleShader
  api=9 insize=9549 outsize=9549 ok=1
Cmd: disassembleShader
  api=5 insize=12401 outsize=12401 ok=1
Cmd: disassembleShader
  api=9 insize=12801 outsize=12801 ok=1
Cmd: disassembleShader
  api=9 insize=12691 outsize=12691 ok=1
Cmd: disassembleShader
  api=5 insize=12210 outsize=12210 ok=1
Cmd: disassembleShader
  api=9 insize=12623 outsize=12623 ok=1
Cmd: disassembleShader
  api=5 insize=7424 outsize=7424 ok=1
Cmd: disassembleShader
  api=9 insize=7820 outsize=7820 ok=1
Cmd: disassembleShader
  api=9 insize=6642 outsize=6642 ok=1
Cmd: disassembleShader
  api=9 insize=7385 outsize=7385 ok=1
Cmd: disassembleShader
  api=9 insize=10178 outsize=10178 ok=1
Cmd: disassembleShader
  api=9 insize=10073 outsize=10073 ok=1
Cmd: disassembleShader
  api=9 insize=9963 outsize=9963 ok=1
Cmd: disassembleShader
  api=9 insize=11392 outsize=11392 ok=1
Cmd: disassembleShader
  api=9 insize=10688 outsize=10688 ok=1
Cmd: disassembleShader
  api=9 insize=10488 outsize=10488 ok=1
Cmd: disassembleShader
  api=9 insize=13433 outsize=13433 ok=1
Cmd: disassembleShader
  api=9 insize=13301 outsize=13301 ok=1
Cmd: disassembleShader
  api=9 insize=13233 outsize=13233 ok=1
Cmd: disassembleShader
  api=9 insize=8759 outsize=8759 ok=1
Cmd: disassembleShader
  api=9 insize=7385 outsize=7385 ok=1
Cmd: disassembleShader
  api=9 insize=8559 outsize=8559 ok=1
Cmd: disassembleShader
  api=9 insize=13132 outsize=13132 ok=1
Cmd: disassembleShader
  api=9 insize=11300 outsize=11300 ok=1
Cmd: disassembleShader
  api=9 insize=8588 outsize=8588 ok=1
Cmd: disassembleShader
  api=9 insize=8490 outsize=8490 ok=1
Cmd: disassembleShader
  api=9 insize=8366 outsize=8366 ok=1
Cmd: disassembleShader
  api=9 insize=11919 outsize=11919 ok=1
Cmd: disassembleShader
  api=9 insize=11837 outsize=11837 ok=1
Cmd: disassembleShader
  api=9 insize=11697 outsize=11697 ok=1
Cmd: disassembleShader
  api=9 insize=8759 outsize=8759 ok=1
Cmd: disassembleShader
  api=9 insize=8666 outsize=8666 ok=1
Cmd: disassembleShader
  api=5 insize=0 outsize=57 ok=1
Cmd: disassembleShader
  api=9 insize=0 outsize=57 ok=1
Cmd: disassembleShader
  api=5 insize=0 outsize=57 ok=1
Cmd: disassembleShader
  api=9 insize=0 outsize=57 ok=1
Cmd: disassembleShader
  api=5 insize=0 outsize=57 ok=1
Cmd: disassembleShader
  api=9 insize=0 outsize=57 ok=1
Cmd: disassembleShader
  api=5 insize=0 outsize=57 ok=1
Cmd: disassembleShader
  api=9 insize=0 outsize=57 ok=1
Cmd: disassembleShader
  api=5 insize=0 outsize=57 ok=1
Cmd: disassembleShader
  api=9 insize=0 outsize=57 ok=1
Cmd: disassembleShader
  api=5 insize=0 outsize=57 ok=1
Cmd: disassembleShader
  api=9 insize=0 outsize=57 ok=1
Cmd: disassembleShader
  api=5 insize=0 outsize=57 ok=1
Cmd: disassembleShader
  api=9 insize=0 outsize=57 ok=1
Cmd: disassembleShader
  api=5 insize=0 outsize=57 ok=1
Cmd: disassembleShader
  api=9 insize=0 outsize=57 ok=1
Cmd: disassembleShader
  api=5 insize=0 outsize=57 ok=1
Cmd: disassembleShader
  api=9 insize=0 outsize=57 ok=1
Cmd: disassembleShader
  api=5 insize=0 outsize=57 ok=1
Cmd: disassembleShader
  api=9 insize=0 outsize=57 ok=1
Cmd: disassembleShader
  api=5 insize=0 outsize=57 ok=1
Cmd: disassembleShader
  api=9 insize=0 outsize=57 ok=1
Cmd: disassembleShader
  api=5 insize=0 outsize=57 ok=1
Cmd: disassembleShader
  api=9 insize=0 outsize=57 ok=1
Cmd: disassembleShader
  api=9 insize=0 outsize=57 ok=1
Cmd: disassembleShader
  api=9 insize=0 outsize=57 ok=1
Cmd: disassembleShader
  api=9 insize=0 outsize=57 ok=1
Cmd: disassembleShader
  api=9 insize=0 outsize=57 ok=1
Cmd: disassembleShader
  api=9 insize=0 outsize=57 ok=1
Cmd: disassembleShader
  api=9 insize=0 outsize=57 ok=1
Cmd: disassembleShader
  api=9 insize=0 outsize=57 ok=1
Cmd: disassembleShader
  api=9 insize=0 outsize=57 ok=1
Cmd: disassembleShader
  api=9 insize=0 outsize=57 ok=1
Cmd: disassembleShader
  api=9 insize=0 outsize=57 ok=1
Cmd: disassembleShader
  api=9 insize=0 outsize=57 ok=1
Cmd: disassembleShader
  api=9 insize=0 outsize=57 ok=1
Cmd: disassembleShader
  api=5 insize=4675 outsize=4675 ok=1
Cmd: disassembleShader
  api=9 insize=5435 outsize=5435 ok=1
Cmd: disassembleShader
  api=5 insize=4069 outsize=4069 ok=1
Cmd: disassembleShader
  api=5 insize=5359 outsize=5359 ok=1
Cmd: disassembleShader
  api=9 insize=5702 outsize=5702 ok=1
Cmd: disassembleShader
  api=5 insize=5175 outsize=5175 ok=1
Cmd: disassembleShader
  api=9 insize=5562 outsize=5562 ok=1
Cmd: disassembleShader
  api=9 insize=6018 outsize=6018 ok=1
Cmd: disassembleShader
  api=5 insize=4839 outsize=4839 ok=1
Cmd: disassembleShader
  api=5 insize=6264 outsize=6264 ok=1
Cmd: disassembleShader
  api=9 insize=6754 outsize=6754 ok=1
Cmd: disassembleShader
  api=9 insize=5741 outsize=5741 ok=1
Cmd: disassembleShader
  api=5 insize=4569 outsize=4569 ok=1
Cmd: disassembleShader
  api=9 insize=5604 outsize=5604 ok=1
Cmd: disassembleShader
  api=9 insize=6454 outsize=6454 ok=1
Cmd: disassembleShader
  api=9 insize=5368 outsize=5368 ok=1
Cmd: disassembleShader
  api=9 insize=6273 outsize=6273 ok=1
Cmd: disassembleShader
  api=5 insize=5625 outsize=5625 ok=1
Cmd: disassembleShader
  api=9 insize=6103 outsize=6103 ok=1
Cmd: disassembleShader
  api=5 insize=8141 outsize=8141 ok=1
Cmd: disassembleShader
  api=5 insize=5645 outsize=5645 ok=1
Cmd: disassembleShader
  api=5 insize=7878 outsize=7878 ok=1
Cmd: disassembleShader
  api=9 insize=8764 outsize=8764 ok=1
Cmd: disassembleShader
  api=5 insize=9219 outsize=9219 ok=1
Cmd: disassembleShader
  api=9 insize=9487 outsize=9487 ok=1
Cmd: disassembleShader
  api=5 insize=6723 outsize=6723 ok=1
Cmd: disassembleShader
  api=9 insize=7596 outsize=7596 ok=1
Cmd: disassembleShader
  api=5 insize=4845 outsize=4845 ok=1
Cmd: disassembleShader
  api=5 insize=6960 outsize=6960 ok=1
Cmd: disassembleShader
  api=9 insize=7742 outsize=7742 ok=1
Cmd: disassembleShader
  api=9 insize=5732 outsize=5732 ok=1
Cmd: disassembleShader
  api=9 insize=7629 outsize=7629 ok=1
Cmd: disassembleShader
  api=9 insize=6346 outsize=6346 ok=1
Cmd: disassembleShader
  api=5 insize=5072 outsize=5072 ok=1
Cmd: disassembleShader
  api=5 insize=7178 outsize=7178 ok=1
Cmd: disassembleShader
  api=9 insize=8130 outsize=8130 ok=1
Cmd: disassembleShader
  api=5 insize=8160 outsize=8160 ok=1
Cmd: disassembleShader
  api=9 insize=8468 outsize=8468 ok=1
Cmd: disassembleShader
  api=5 insize=7897 outsize=7897 ok=1
Cmd: disassembleShader
  api=5 insize=10244 outsize=10244 ok=1
Cmd: disassembleShader
  api=9 insize=9137 outsize=9137 ok=1
Cmd: disassembleShader
  api=9 insize=7182 outsize=7182 ok=1
Cmd: disassembleShader
  api=5 insize=5897 outsize=5897 ok=1
Cmd: disassembleShader
  api=5 insize=8103 outsize=8103 ok=1
Cmd: disassembleShader
  api=5 insize=5641 outsize=5641 ok=1
Cmd: disassembleShader
  api=5 insize=7840 outsize=7840 ok=1
Cmd: disassembleShader
  api=9 insize=8497 outsize=8497 ok=1
Cmd: disassembleShader
  api=5 insize=10187 outsize=10187 ok=1
Cmd: disassembleShader
  api=9 insize=9279 outsize=9279 ok=1
Cmd: disassembleShader
  api=5 insize=9924 outsize=9924 ok=1
Cmd: disassembleShader
  api=9 insize=9166 outsize=9166 ok=1
Cmd: disassembleShader
  api=5 insize=6281 outsize=6281 ok=1
Cmd: disassembleShader
  api=9 insize=6473 outsize=6473 ok=1
Cmd: disassembleShader
  api=5 insize=0 outsize=57 ok=1
Cmd: disassembleShader
  api=9 insize=0 outsize=57 ok=1
Cmd: disassembleShader
  api=5 insize=0 outsize=57 ok=1
Cmd: disassembleShader
  api=9 insize=0 outsize=57 ok=1
Cmd: disassembleShader
  api=5 insize=0 outsize=57 ok=1
Cmd: disassembleShader
  api=9 insize=0 outsize=57 ok=1
Cmd: disassembleShader
  api=5 insize=0 outsize=57 ok=1
Cmd: disassembleShader
  api=9 insize=0 outsize=57 ok=1
Cmd: disassembleShader
  api=5 insize=0 outsize=57 ok=1
Cmd: disassembleShader
  api=5 insize=0 outsize=57 ok=1
Cmd: disassembleShader
  api=9 insize=0 outsize=57 ok=1
Cmd: disassembleShader
  api=5 insize=0 outsize=57 ok=1
Cmd: disassembleShader
  api=9 insize=0 outsize=57 ok=1
Cmd: disassembleShader
  api=5 insize=0 outsize=57 ok=1
Cmd: disassembleShader
  api=9 insize=0 outsize=57 ok=1
Cmd: disassembleShader
  api=5 insize=0 outsize=57 ok=1
Cmd: disassembleShader
  api=9 insize=0 outsize=57 ok=1
Cmd: disassembleShader
  api=5 insize=0 outsize=57 ok=1
Cmd: disassembleShader
  api=9 insize=0 outsize=57 ok=1
Cmd: disassembleShader
  api=5 insize=0 outsize=57 ok=1
Cmd: disassembleShader
  api=9 insize=0 outsize=57 ok=1
Cmd: disassembleShader
  api=5 insize=0 outsize=57 ok=1
Cmd: disassembleShader
  api=9 insize=0 outsize=57 ok=1
Cmd: disassembleShader
  api=5 insize=0 outsize=57 ok=1
Cmd: disassembleShader
  api=9 insize=0 outsize=57 ok=1
Cmd: disassembleShader
  api=5 insize=0 outsize=57 ok=1
Cmd: disassembleShader
  api=9 insize=0 outsize=57 ok=1
Cmd: disassembleShader
  api=5 insize=0 outsize=57 ok=1
Cmd: disassembleShader
  api=9 insize=0 outsize=57 ok=1
Cmd: disassembleShader
  api=5 insize=0 outsize=57 ok=1
Cmd: disassembleShader
  api=9 insize=0 outsize=57 ok=1
Cmd: disassembleShader
  api=5 insize=0 outsize=57 ok=1
Cmd: disassembleShader
  api=9 insize=0 outsize=57 ok=1
Cmd: disassembleShader
  api=5 insize=0 outsize=57 ok=1
Cmd: disassembleShader
  api=9 insize=0 outsize=57 ok=1
Cmd: disassembleShader
  api=5 insize=0 outsize=57 ok=1
Cmd: disassembleShader
  api=9 insize=0 outsize=57 ok=1
Cmd: disassembleShader
  api=5 insize=0 outsize=57 ok=1
Cmd: disassembleShader
  api=9 insize=0 outsize=57 ok=1
Cmd: disassembleShader
  api=5 insize=0 outsize=57 ok=1
Cmd: disassembleShader
  api=9 insize=0 outsize=57 ok=1
Cmd: disassembleShader
  api=5 insize=0 outsize=57 ok=1
Cmd: disassembleShader
  api=9 insize=0 outsize=57 ok=1
Cmd: disassembleShader
  api=5 insize=0 outsize=57 ok=1
Cmd: disassembleShader
  api=9 insize=0 outsize=57 ok=1
Cmd: disassembleShader
  api=5 insize=0 outsize=57 ok=1
Cmd: disassembleShader
  api=9 insize=0 outsize=57 ok=1
Cmd: disassembleShader
  api=5 insize=0 outsize=57 ok=1
Cmd: disassembleShader
  api=9 insize=0 outsize=57 ok=1
Cmd: disassembleShader
  api=5 insize=0 outsize=57 ok=1
Cmd: disassembleShader
  api=9 insize=0 outsize=57 ok=1
Cmd: disassembleShader
  api=5 insize=1400 outsize=1400 ok=1
Cmd: disassembleShader
  api=9 insize=2606 outsize=2606 ok=1
Cmd: disassembleShader
  api=5 insize=1607 outsize=1607 ok=1
Cmd: disassembleShader
  api=9 insize=3257 outsize=3257 ok=1
Cmd: disassembleShader
  api=5 insize=973 outsize=973 ok=1
Cmd: disassembleShader
  api=9 insize=2379 outsize=2379 ok=1
Cmd: disassembleShader
  api=5 insize=2034 outsize=2034 ok=1
Cmd: disassembleShader
  api=9 insize=3484 outsize=3484 ok=1
Cmd: disassembleShader
  api=9 insize=3323 outsize=3323 ok=1
Cmd: disassembleShader
  api=9 insize=3974 outsize=3974 ok=1
Cmd: disassembleShader
  api=9 insize=3096 outsize=3096 ok=1
Cmd: disassembleShader
  api=9 insize=4201 outsize=4201 ok=1
Cmd: disassembleShader
  api=5 insize=0 outsize=57 ok=1
Cmd: disassembleShader
  api=9 insize=0 outsize=57 ok=1
Cmd: disassembleShader
  api=5 insize=0 outsize=57 ok=1
Cmd: disassembleShader
  api=9 insize=0 outsize=57 ok=1
Cmd: disassembleShader
  api=5 insize=0 outsize=57 ok=1
Cmd: disassembleShader
  api=9 insize=0 outsize=57 ok=1
Cmd: disassembleShader
  api=5 insize=0 outsize=57 ok=1
Cmd: disassembleShader
  api=9 insize=0 outsize=57 ok=1
Cmd: disassembleShader
  api=9 insize=0 outsize=57 ok=1
Cmd: disassembleShader
  api=9 insize=0 outsize=57 ok=1
Cmd: disassembleShader
  api=9 insize=0 outsize=57 ok=1
Cmd: disassembleShader
  api=5 insize=3675 outsize=3675 ok=1
Cmd: disassembleShader
  api=9 insize=4248 outsize=4248 ok=1
Cmd: disassembleShader
  api=5 insize=5398 outsize=5398 ok=1
Cmd: disassembleShader
  api=9 insize=6094 outsize=6094 ok=1
Cmd: disassembleShader
  api=5 insize=5146 outsize=5146 ok=1
Cmd: disassembleShader
  api=5 insize=5243 outsize=5243 ok=1
Cmd: disassembleShader
  api=9 insize=5942 outsize=5942 ok=1
Cmd: disassembleShader
  api=5 insize=5195 outsize=5195 ok=1
Cmd: disassembleShader
  api=9 insize=5879 outsize=5879 ok=1
Cmd: disassembleShader
  api=5 insize=5377 outsize=5377 ok=1
Cmd: disassembleShader
  api=9 insize=6048 outsize=6048 ok=1
Cmd: disassembleShader
  api=5 insize=5314 outsize=5314 ok=1
Cmd: disassembleShader
  api=5 insize=5314 outsize=5314 ok=1
Cmd: disassembleShader
  api=9 insize=5896 outsize=5896 ok=1
Cmd: disassembleShader
  api=9 insize=5833 outsize=5833 ok=1
Cmd: disassembleShader
  api=5 insize=3962 outsize=3962 ok=1
Cmd: disassembleShader
  api=9 insize=4498 outsize=4498 ok=1
Cmd: disassembleShader
  api=5 insize=3711 outsize=3711 ok=1
Cmd: disassembleShader
  api=9 insize=4355 outsize=4355 ok=1
Cmd: disassembleShader
  api=9 insize=5187 outsize=5187 ok=1
Cmd: disassembleShader
  api=9 insize=8186 outsize=8186 ok=1
Cmd: disassembleShader
  api=9 insize=8034 outsize=8034 ok=1
Cmd: disassembleShader
  api=9 insize=7971 outsize=7971 ok=1
Cmd: disassembleShader
  api=9 insize=8140 outsize=8140 ok=1
Cmd: disassembleShader
  api=9 insize=7988 outsize=7988 ok=1
Cmd: disassembleShader
  api=9 insize=7988 outsize=7988 ok=1
Cmd: disassembleShader
  api=9 insize=7925 outsize=7925 ok=1
Cmd: disassembleShader
  api=9 insize=5437 outsize=5437 ok=1
Cmd: disassembleShader
  api=9 insize=5294 outsize=5294 ok=1
Cmd: disassembleShader
  api=5 insize=0 outsize=57 ok=1
Cmd: disassembleShader
  api=9 insize=0 outsize=57 ok=1
Cmd: disassembleShader
  api=5 insize=0 outsize=57 ok=1
Cmd: disassembleShader
  api=9 insize=0 outsize=57 ok=1
Cmd: disassembleShader
  api=5 insize=0 outsize=57 ok=1
Cmd: disassembleShader
  api=9 insize=0 outsize=57 ok=1
Cmd: disassembleShader
  api=9 insize=0 outsize=57 ok=1
Cmd: disassembleShader
  api=5 insize=0 outsize=57 ok=1
Cmd: disassembleShader
  api=9 insize=0 outsize=57 ok=1
Cmd: disassembleShader
  api=5 insize=0 outsize=57 ok=1
Cmd: disassembleShader
  api=9 insize=0 outsize=57 ok=1
Cmd: disassembleShader
  api=9 insize=0 outsize=57 ok=1
Cmd: disassembleShader
  api=9 insize=0 outsize=57 ok=1
Cmd: disassembleShader
  api=9 insize=0 outsize=57 ok=1
Cmd: disassembleShader
  api=5 insize=5763 outsize=5763 ok=1
Cmd: disassembleShader
  api=9 insize=6387 outsize=6387 ok=1
Cmd: disassembleShader
  api=5 insize=7319 outsize=7319 ok=1
Cmd: disassembleShader
  api=9 insize=8108 outsize=8108 ok=1
Cmd: disassembleShader
  api=9 insize=8465 outsize=8465 ok=1
Cmd: disassembleShader
  api=9 insize=7988 outsize=7988 ok=1
Cmd: disassembleShader
  api=5 insize=7079 outsize=7079 ok=1
Cmd: disassembleShader
  api=5 insize=7739 outsize=7739 ok=1
Cmd: disassembleShader
  api=5 insize=6829 outsize=6829 ok=1
Cmd: disassembleShader
  api=9 insize=7711 outsize=7711 ok=1
Cmd: disassembleShader
  api=5 insize=6762 outsize=6762 ok=1
Cmd: disassembleShader
  api=9 insize=7613 outsize=7613 ok=1
Cmd: disassembleShader
  api=5 insize=6589 outsize=6589 ok=1
Cmd: disassembleShader
  api=9 insize=7489 outsize=7489 ok=1
Cmd: disassembleShader
  api=5 insize=8202 outsize=8202 ok=1
Cmd: disassembleShader
  api=9 insize=9211 outsize=9211 ok=1
Cmd: disassembleShader
  api=5 insize=8147 outsize=8147 ok=1
Cmd: disassembleShader
  api=5 insize=10411 outsize=10411 ok=1
Cmd: disassembleShader
  api=9 insize=11129 outsize=11129 ok=1
Cmd: disassembleShader
  api=5 insize=10279 outsize=10279 ok=1
Cmd: disassembleShader
  api=5 insize=6003 outsize=6003 ok=1
Cmd: disassembleShader
  api=9 insize=6601 outsize=6601 ok=1
Cmd: disassembleShader
  api=5 insize=5848 outsize=5848 ok=1
Cmd: disassembleShader
  api=9 insize=6501 outsize=6501 ok=1
Cmd: disassembleShader
  api=5 insize=5763 outsize=5763 ok=1
Cmd: disassembleShader
  api=9 insize=6387 outsize=6387 ok=1
Cmd: disassembleShader
  api=5 insize=9145 outsize=9145 ok=1
Cmd: disassembleShader
  api=9 insize=9413 outsize=9413 ok=1
Cmd: disassembleShader
  api=5 insize=9010 outsize=9010 ok=1
Cmd: disassembleShader
  api=9 insize=9293 outsize=9293 ok=1
Cmd: disassembleShader
  api=5 insize=9566 outsize=9566 ok=1
Cmd: disassembleShader
  api=9 insize=9544 outsize=9544 ok=1
Cmd: disassembleShader
  api=5 insize=9054 outsize=9054 ok=1
Cmd: disassembleShader
  api=5 insize=6762 outsize=6762 ok=1
Cmd: disassembleShader
  api=5 insize=8991 outsize=8991 ok=1
Cmd: disassembleShader
  api=9 insize=9587 outsize=9587 ok=1
Cmd: disassembleShader
  api=5 insize=8863 outsize=8863 ok=1
Cmd: disassembleShader
  api=9 insize=9549 outsize=9549 ok=1
Cmd: disassembleShader
  api=5 insize=12401 outsize=12401 ok=1
Cmd: disassembleShader
  api=9 insize=12801 outsize=12801 ok=1
Cmd: disassembleShader
  api=5 insize=12342 outsize=12342 ok=1
Cmd: disassembleShader
  api=9 insize=12691 outsize=12691 ok=1
Cmd: disassembleShader
  api=5 insize=12210 outsize=12210 ok=1
Cmd: disassembleShader
  api=9 insize=12623 outsize=12623 ok=1
Cmd: disassembleShader
  api=5 insize=6497 outsize=6497 ok=1
Cmd: disassembleShader
  api=9 insize=6906 outsize=6906 ok=1
Cmd: disassembleShader
  api=5 insize=6399 outsize=6399 ok=1
Cmd: disassembleShader
  api=9 insize=6784 outsize=6784 ok=1
Cmd: disassembleShader
  api=5 insize=0 outsize=57 ok=1
Cmd: disassembleShader
  api=9 insize=0 outsize=57 ok=1
Cmd: disassembleShader
  api=5 insize=0 outsize=57 ok=1
Cmd: disassembleShader
  api=9 insize=0 outsize=57 ok=1
Cmd: disassembleShader
  api=5 insize=0 outsize=57 ok=1
Cmd: disassembleShader
  api=5 insize=0 outsize=57 ok=1
Cmd: disassembleShader
  api=9 insize=0 outsize=57 ok=1
Cmd: disassembleShader
  api=5 insize=0 outsize=57 ok=1
Cmd: disassembleShader
  api=9 insize=0 outsize=57 ok=1
Cmd: disassembleShader
  api=5 insize=0 outsize=57 ok=1
Cmd: disassembleShader
  api=9 insize=0 outsize=57 ok=1
Cmd: disassembleShader
  api=9 insize=0 outsize=57 ok=1
Cmd: disassembleShader
  api=5 insize=0 outsize=57 ok=1
Cmd: disassembleShader
  api=9 insize=0 outsize=57 ok=1
Cmd: disassembleShader
  api=9 insize=0 outsize=57 ok=1
Cmd: disassembleShader
  api=5 insize=0 outsize=57 ok=1
Cmd: disassembleShader
  api=9 insize=0 outsize=57 ok=1
Cmd: disassembleShader
  api=5 insize=0 outsize=57 ok=1
Cmd: disassembleShader
  api=9 insize=0 outsize=57 ok=1
Cmd: disassembleShader
  api=5 insize=0 outsize=57 ok=1
Cmd: disassembleShader
  api=9 insize=0 outsize=57 ok=1
Cmd: disassembleShader
  api=5 insize=0 outsize=57 ok=1
Cmd: disassembleShader
  api=9 insize=0 outsize=57 ok=1
Cmd: disassembleShader
  api=5 insize=0 outsize=57 ok=1
Cmd: disassembleShader
  api=9 insize=0 outsize=57 ok=1
Cmd: disassembleShader
  api=5 insize=5662 outsize=5662 ok=1
Cmd: disassembleShader
  api=9 insize=5683 outsize=5683 ok=1
Cmd: disassembleShader
  api=5 insize=4871 outsize=4871 ok=1
Cmd: disassembleShader
  api=9 insize=5096 outsize=5096 ok=1
Cmd: disassembleShader
  api=5 insize=3898 outsize=3898 ok=1
Cmd: disassembleShader
  api=5 insize=4784 outsize=4784 ok=1
Cmd: disassembleShader
  api=5 insize=4924 outsize=4924 ok=1
Cmd: disassembleShader
  api=9 insize=5998 outsize=5998 ok=1
Cmd: disassembleShader
  api=9 insize=6210 outsize=6210 ok=1
Cmd: disassembleShader
  api=9 insize=5887 outsize=5887 ok=1
Cmd: disassembleShader
  api=5 insize=4654 outsize=4654 ok=1
Cmd: disassembleShader
  api=5 insize=5640 outsize=5640 ok=1
Cmd: disassembleShader
  api=9 insize=5964 outsize=5964 ok=1
Cmd: disassembleShader
  api=5 insize=5555 outsize=5555 ok=1
Cmd: disassembleShader
  api=9 insize=5836 outsize=5836 ok=1
Cmd: disassembleShader
  api=5 insize=5318 outsize=5318 ok=1
Cmd: disassembleShader
  api=9 insize=5626 outsize=5626 ok=1
Cmd: disassembleShader
  api=5 insize=5232 outsize=5232 ok=1
Cmd: disassembleShader
  api=9 insize=5498 outsize=5498 ok=1
Cmd: disassembleShader
  api=5 insize=6821 outsize=6821 ok=1
Cmd: disassembleShader
  api=9 insize=7243 outsize=7243 ok=1
Cmd: disassembleShader
  api=5 insize=6719 outsize=6719 ok=1
Cmd: disassembleShader
  api=9 insize=7068 outsize=7068 ok=1
Cmd: disassembleShader
  api=5 insize=6960 outsize=6960 ok=1
Cmd: disassembleShader
  api=9 insize=7742 outsize=7742 ok=1
Cmd: disassembleShader
  api=5 insize=6780 outsize=6780 ok=1
Cmd: disassembleShader
  api=9 insize=7629 outsize=7629 ok=1
Cmd: disassembleShader
  api=9 insize=6346 outsize=6346 ok=1
Cmd: disassembleShader
  api=5 insize=5072 outsize=5072 ok=1
Cmd: disassembleShader
  api=5 insize=7178 outsize=7178 ok=1
Cmd: disassembleShader
  api=9 insize=8130 outsize=8130 ok=1
Cmd: disassembleShader
  api=5 insize=6892 outsize=6892 ok=1
Cmd: disassembleShader
  api=9 insize=6813 outsize=6813 ok=1
Cmd: disassembleShader
  api=5 insize=6790 outsize=6790 ok=1
Cmd: disassembleShader
  api=9 insize=6660 outsize=6660 ok=1
Cmd: disassembleShader
  api=9 insize=6717 outsize=6717 ok=1
Cmd: disassembleShader
  api=5 insize=5641 outsize=5641 ok=1
Cmd: disassembleShader
  api=9 insize=6813 outsize=6813 ok=1
Cmd: disassembleShader
  api=5 insize=4760 outsize=4760 ok=1
Cmd: disassembleShader
  api=9 insize=5552 outsize=5552 ok=1
Cmd: disassembleShader
  api=5 insize=0 outsize=57 ok=1
Cmd: disassembleShader
  api=9 insize=0 outsize=57 ok=1
Cmd: disassembleShader
  api=5 insize=0 outsize=57 ok=1
Cmd: disassembleShader
  api=9 insize=0 outsize=57 ok=1
Cmd: disassembleShader
  api=5 insize=0 outsize=57 ok=1
Cmd: disassembleShader
  api=9 insize=0 outsize=57 ok=1
Cmd: disassembleShader
  api=5 insize=0 outsize=57 ok=1
Cmd: disassembleShader
  api=9 insize=0 outsize=57 ok=1
Cmd: disassembleShader
  api=5 insize=0 outsize=57 ok=1
Cmd: disassembleShader
  api=9 insize=0 outsize=57 ok=1
Cmd: disassembleShader
  api=5 insize=0 outsize=57 ok=1
Cmd: disassembleShader
  api=9 insize=0 outsize=57 ok=1
Cmd: disassembleShader
  api=5 insize=0 outsize=57 ok=1
Cmd: disassembleShader
  api=9 insize=0 outsize=57 ok=1
Cmd: disassembleShader
  api=5 insize=0 outsize=57 ok=1
Cmd: disassembleShader
  api=9 insize=0 outsize=57 ok=1
Cmd: disassembleShader
  api=5 insize=0 outsize=57 ok=1
Cmd: disassembleShader
  api=9 insize=0 outsize=57 ok=1
Cmd: disassembleShader
  api=5 insize=0 outsize=57 ok=1
Cmd: disassembleShader
  api=9 insize=0 outsize=57 ok=1
Cmd: disassembleShader
  api=5 insize=0 outsize=57 ok=1
Cmd: disassembleShader
  api=9 insize=0 outsize=57 ok=1
Cmd: disassembleShader
  api=5 insize=0 outsize=57 ok=1
Cmd: disassembleShader
  api=9 insize=0 outsize=57 ok=1
Cmd: disassembleShader
  api=5 insize=0 outsize=57 ok=1
Cmd: disassembleShader
  api=9 insize=0 outsize=57 ok=1
Cmd: disassembleShader
  api=5 insize=0 outsize=57 ok=1
Cmd: disassembleShader
  api=9 insize=0 outsize=57 ok=1
Cmd: disassembleShader
  api=5 insize=0 outsize=57 ok=1
Cmd: disassembleShader
  api=9 insize=0 outsize=57 ok=1
Cmd: disassembleShader
  api=5 insize=1400 outsize=1400 ok=1
Cmd: disassembleShader
  api=9 insize=2606 outsize=2606 ok=1
Cmd: disassembleShader
  api=5 insize=1454 outsize=1454 ok=1
Cmd: disassembleShader
  api=9 insize=2990 outsize=2990 ok=1
Cmd: disassembleShader
  api=5 insize=973 outsize=973 ok=1
Cmd: disassembleShader
  api=9 insize=2379 outsize=2379 ok=1
Cmd: disassembleShader
  api=5 insize=1881 outsize=1881 ok=1
Cmd: disassembleShader
  api=9 insize=3217 outsize=3217 ok=1
Cmd: disassembleShader
  api=5 insize=0 outsize=57 ok=1
Cmd: disassembleShader
  api=9 insize=0 outsize=57 ok=1
Cmd: disassembleShader
  api=5 insize=0 outsize=57 ok=1
Cmd: disassembleShader
  api=9 insize=0 outsize=57 ok=1
Cmd: disassembleShader
  api=5 insize=0 outsize=57 ok=1
Cmd: disassembleShader
  api=9 insize=0 outsize=57 ok=1
Cmd: disassembleShader
  api=5 insize=0 outsize=57 ok=1
Cmd: disassembleShader
  api=9 insize=0 outsize=57 ok=1
Cmd: initializeCompiler
Cmd: initializeCompiler
Cmd: initializeCompiler
Cmd: initializeCompiler
Cmd: initializeCompiler
Cmd: initializeCompiler
Cmd: initializeCompiler
Cmd: initializeCompiler
Cmd: initializeCompiler
Cmd: initializeCompiler
Cmd: initializeCompiler
Cmd: initializeCompiler
Cmd: initializeCompiler
Cmd: initializeCompiler
Cmd: initializeCompiler
Cmd: initializeCompiler
Cmd: initializeCompiler
Cmd: initializeCompiler
Cmd: initializeCompiler
Cmd: initializeCompiler
Cmd: compileSnippet
  api=5 type=0 insize=1605 outsize=697 kw= pd=UNITY_NO_DXT5nm UNITY_NO_RGBM UNITY_ENABLE_REFLECTION_BUFFERS UNITY_FRAMEBUFFER_FETCH_AVAILABLE UNITY_NO_CUBEMAP_ARRAY UNITY_NO_SCREENSPACE_SHADOWS UNITY_PBS_USE_BRDF2 SHADER_API_MOBILE UNITY_HARDWARE_TIER3 UNITY_COLORSPACE_GAMMA UNITY_HALF_PRECISION_FRAGMENT_SHADER_REGISTERS UNITY_LIGHTMAP_DLDR_ENCODING ok=1
Cmd: compileSnippet
  api=9 type=1 insize=1605 outsize=0 kw= pd=UNITY_NO_DXT5nm UNITY_NO_RGBM UNITY_ENABLE_REFLECTION_BUFFERS UNITY_FRAMEBUFFER_FETCH_AVAILABLE UNITY_NO_CUBEMAP_ARRAY UNITY_NO_SCREENSPACE_SHADOWS UNITY_PBS_USE_BRDF3 UNITY_NO_FULL_STANDARD_SHADER SHADER_API_MOBILE UNITY_HARDWARE_TIER1 UNITY_COLORSPACE_GAMMA UNITY_LIGHTMAP_DLDR_ENCODING ok=1
Cmd: initializeCompiler
Cmd: initializeCompiler
